Generation output:

 Generate Modules

C:\MagicXPA412\Projects\HondaALC\output\HondaALC>echo off 
copying files



C:\MagicXPA412\Projects\HondaALC\output\HondaALC>echo off 
generating modules
[V-CLI] cmd.exe /c ng g @magic-xpa/cli:modules
   Number of modules to be check for generate: 1
Nothing to be done.

Generate Components

C:\MagicXPA412\Projects\HondaALC\output\HondaALC>echo off 
copying files



C:\MagicXPA412\Projects\HondaALC\output\HondaALC>echo off 
generating components
[V-CLI] cmd.exe /c ng g @magic-xpa/cli:magic
[>]  ********************************* START    GENERATE *********************************
   Number of modules to be check for generate: 1
[>]           ******    Start Web Module name : []    *******
*** Step 1: Loading JSON files ***
[>] Loading JSON file .//magic-metadata/VPRDO011_Color_Table_Maint/COLOR_TABLE_MAINTENANCE.json
[>] Loading JSON file .//magic-metadata/VPRDO011_Color_Table_Maint/COLOR_TABLE_LIST/COLOR_TABLE_LIST.json
[>] Loading JSON file .//magic-metadata/VPRDO011_Color_Table_Maint/COLOR_TABLE_LIST/COLOR_TABLE_MAINT/COLOR_TABLE_MAINT.json
*** Step 2: Processing JSON files -  (3 components) ***
[>] Processing JSON file for component COLOR_TABLE_MAINTENANCE
[>] Processing JSON file for component COLOR_TABLE_LIST
[>] Processing JSON file for component COLOR_TABLE_MAINT
*** Step 3: generate components. (3 components) ***
[>] generate component COLOR_TABLE_MAINTENANCE
[>] generate component COLOR_TABLE_LIST
[>] generate component COLOR_TABLE_MAINT
[>] Step 4: components-list.
[>]  ********************************* E N D    GENERATE *********************************
[32mCREATE[39m src/app/magic/VPRDO011_Color_Table_Maint/COLOR_TABLE_MAINTENANCE.mg.controls.g.ts (1293 bytes)
[32mCREATE[39m src/app/magic/VPRDO011_Color_Table_Maint/COLOR_TABLE_MAINTENANCE.component.ts (2244 bytes)
[32mCREATE[39m src/app/magic/VPRDO011_Color_Table_Maint/COLOR_TABLE_MAINTENANCE.component.html (2156 bytes)
[32mCREATE[39m src/app/magic/VPRDO011_Color_Table_Maint/COLOR_TABLE_LIST/COLOR_TABLE_LIST.mg.controls.g.ts (1849 bytes)
[32mCREATE[39m src/app/magic/VPRDO011_Color_Table_Maint/COLOR_TABLE_LIST/COLOR_TABLE_LIST.component.ts (967 bytes)
[32mCREATE[39m src/app/magic/VPRDO011_Color_Table_Maint/COLOR_TABLE_LIST/COLOR_TABLE_LIST.component.html (13550 bytes)
[32mCREATE[39m src/app/magic/VPRDO011_Color_Table_Maint/COLOR_TABLE_LIST/COLOR_TABLE_MAINT/COLOR_TABLE_MAINT.mg.controls.g.ts (1611 bytes)
[32mCREATE[39m src/app/magic/VPRDO011_Color_Table_Maint/COLOR_TABLE_LIST/COLOR_TABLE_MAINT/COLOR_TABLE_MAINT.component.ts (2189 bytes)
[32mCREATE[39m src/app/magic/VPRDO011_Color_Table_Maint/COLOR_TABLE_LIST/COLOR_TABLE_MAINT/COLOR_TABLE_MAINT.component.html (3022 bytes)



